{"name": "test_alerts_testing", "status": "broken", "statusDetails": {"message": "selenium.common.exceptions.NoSuchElementException: Message: no such element: Unable to locate element: {\"method\":\"css selector\",\"selector\":\"[id=\"//p[@id='result']\"]\"}\n  (Session info: chrome=120.0.6099.217); For documentation on this error, please visit: https://www.selenium.dev/documentation/webdriver/troubleshooting/errors#no-such-element-exception\nStacktrace:\n\tGetHandleVerifier [0x00007FF73BD52142+3514994]\n\t(No symbol) [0x00007FF73B970CE2]\n\t(No symbol) [0x00007FF73B8176AA]\n\t(No symbol) [0x00007FF73B861860]\n\t(No symbol) [0x00007FF73B86197C]\n\t(No symbol) [0x00007FF73B8A4EE7]\n\t(No symbol) [0x00007FF73B88602F]\n\t(No symbol) [0x00007FF73B8A28F6]\n\t(No symbol) [0x00007FF73B885D93]\n\t(No symbol) [0x00007FF73B854BDC]\n\t(No symbol) [0x00007FF73B855C64]\n\tGetHandleVerifier [0x00007FF73BD7E16B+3695259]\n\tGetHandleVerifier [0x00007FF73BDD6737+4057191]\n\tGetHandleVerifier [0x00007FF73BDCE4E3+4023827]\n\tGetHandleVerifier [0x00007FF73BAA04F9+689705]\n\t(No symbol) [0x00007FF73B97C048]\n\t(No symbol) [0x00007FF73B978044]\n\t(No symbol) [0x00007FF73B9781C9]\n\t(No symbol) [0x00007FF73B9688C4]\n\tBaseThreadInitThunk [0x00007FFF38427344+20]\n\tRtlUserThreadStart [0x00007FFF392026B1+33]", "trace": "def test_alerts_testing():\n        driver = webdriver.Chrome()\n        driver.maximize_window()\n        driver.get(\"https://the-internet.herokuapp.com/javascript_alerts\")\n    \n        click_btn_1 = driver.find_element(By.XPATH,\"//button[@onclick='jsAlert()']\")\n        click_btn_1.click()\n        # time.sleep(10)\n    \n        wait = WebDriverWait(driver, 20)\n        wait.until(EC.alert_is_present())\n        alert = driver.switch_to.alert\n        alert.accept()\n    \n>       result = driver.find_element(By.ID,\"//p[@id='result']\")\n\ntest_alerts.py:26: \n_ _ _ _ _ _ _ _ _ _ _ _ _ _ _ _ _ _ _ _ _ _ _ _ _ _ _ _ _ _ _ _ _ _ _ _ _ _ _ _\n..\\..\\venv\\lib\\site-packages\\selenium\\webdriver\\remote\\webdriver.py:742: in find_element\n    return self.execute(Command.FIND_ELEMENT, {\"using\": by, \"value\": value})[\"value\"]\n..\\..\\venv\\lib\\site-packages\\selenium\\webdriver\\remote\\webdriver.py:348: in execute\n    self.error_handler.check_response(response)\n_ _ _ _ _ _ _ _ _ _ _ _ _ _ _ _ _ _ _ _ _ _ _ _ _ _ _ _ _ _ _ _ _ _ _ _ _ _ _ _\n\nself = <selenium.webdriver.remote.errorhandler.ErrorHandler object at 0x000001DB00C77BE0>\nresponse = {'status': 404, 'value': '{\"value\":{\"error\":\"no such element\",\"message\":\"no such element: Unable to locate element: {\\...07FF73B9688C4]\\\\n\\\\tBaseThreadInitThunk [0x00007FFF38427344+20]\\\\n\\\\tRtlUserThreadStart [0x00007FFF392026B1+33]\\\\n\"}}'}\n\n    def check_response(self, response: Dict[str, Any]) -> None:\n        \"\"\"Checks that a JSON response from the WebDriver does not have an\n        error.\n    \n        :Args:\n         - response - The JSON response from the WebDriver server as a dictionary\n           object.\n    \n        :Raises: If the response contains an error message.\n        \"\"\"\n        status = response.get(\"status\", None)\n        if not status or status == ErrorCode.SUCCESS:\n            return\n        value = None\n        message = response.get(\"message\", \"\")\n        screen: str = response.get(\"screen\", \"\")\n        stacktrace = None\n        if isinstance(status, int):\n            value_json = response.get(\"value\", None)\n            if value_json and isinstance(value_json, str):\n                import json\n    \n                try:\n                    value = json.loads(value_json)\n                    if len(value) == 1:\n                        value = value[\"value\"]\n                    status = value.get(\"error\", None)\n                    if not status:\n                        status = value.get(\"status\", ErrorCode.UNKNOWN_ERROR)\n                        message = value.get(\"value\") or value.get(\"message\")\n                        if not isinstance(message, str):\n                            value = message\n                            message = message.get(\"message\")\n                    else:\n                        message = value.get(\"message\", None)\n                except ValueError:\n                    pass\n    \n        exception_class: Type[WebDriverException]\n        e = ErrorCode()\n        error_codes = [item for item in dir(e) if not item.startswith(\"__\")]\n        for error_code in error_codes:\n            error_info = getattr(ErrorCode, error_code)\n            if isinstance(error_info, list) and status in error_info:\n                exception_class = getattr(ExceptionMapping, error_code, WebDriverException)\n                break\n        else:\n            exception_class = WebDriverException\n    \n        if not value:\n            value = response[\"value\"]\n        if isinstance(value, str):\n            raise exception_class(value)\n        if message == \"\" and \"message\" in value:\n            message = value[\"message\"]\n    \n        screen = None  # type: ignore[assignment]\n        if \"screen\" in value:\n            screen = value[\"screen\"]\n    \n        stacktrace = None\n        st_value = value.get(\"stackTrace\") or value.get(\"stacktrace\")\n        if st_value:\n            if isinstance(st_value, str):\n                stacktrace = st_value.split(\"\\n\")\n            else:\n                stacktrace = []\n                try:\n                    for frame in st_value:\n                        line = frame.get(\"lineNumber\", \"\")\n                        file = frame.get(\"fileName\", \"<anonymous>\")\n                        if line:\n                            file = f\"{file}:{line}\"\n                        meth = frame.get(\"methodName\", \"<anonymous>\")\n                        if \"className\" in frame:\n                            meth = f\"{frame['className']}.{meth}\"\n                        msg = \"    at %s (%s)\"\n                        msg = msg % (meth, file)\n                        stacktrace.append(msg)\n                except TypeError:\n                    pass\n        if exception_class == UnexpectedAlertPresentException:\n            alert_text = None\n            if \"data\" in value:\n                alert_text = value[\"data\"].get(\"text\")\n            elif \"alert\" in value:\n                alert_text = value[\"alert\"].get(\"text\")\n            raise exception_class(message, screen, stacktrace, alert_text)  # type: ignore[call-arg]  # mypy is not smart enough here\n>       raise exception_class(message, screen, stacktrace)\nE       selenium.common.exceptions.NoSuchElementException: Message: no such element: Unable to locate element: {\"method\":\"css selector\",\"selector\":\"[id=\"//p[@id='result']\"]\"}\nE         (Session info: chrome=120.0.6099.217); For documentation on this error, please visit: https://www.selenium.dev/documentation/webdriver/troubleshooting/errors#no-such-element-exception\nE       Stacktrace:\nE       \tGetHandleVerifier [0x00007FF73BD52142+3514994]\nE       \t(No symbol) [0x00007FF73B970CE2]\nE       \t(No symbol) [0x00007FF73B8176AA]\nE       \t(No symbol) [0x00007FF73B861860]\nE       \t(No symbol) [0x00007FF73B86197C]\nE       \t(No symbol) [0x00007FF73B8A4EE7]\nE       \t(No symbol) [0x00007FF73B88602F]\nE       \t(No symbol) [0x00007FF73B8A28F6]\nE       \t(No symbol) [0x00007FF73B885D93]\nE       \t(No symbol) [0x00007FF73B854BDC]\nE       \t(No symbol) [0x00007FF73B855C64]\nE       \tGetHandleVerifier [0x00007FF73BD7E16B+3695259]\nE       \tGetHandleVerifier [0x00007FF73BDD6737+4057191]\nE       \tGetHandleVerifier [0x00007FF73BDCE4E3+4023827]\nE       \tGetHandleVerifier [0x00007FF73BAA04F9+689705]\nE       \t(No symbol) [0x00007FF73B97C048]\nE       \t(No symbol) [0x00007FF73B978044]\nE       \t(No symbol) [0x00007FF73B9781C9]\nE       \t(No symbol) [0x00007FF73B9688C4]\nE       \tBaseThreadInitThunk [0x00007FFF38427344+20]\nE       \tRtlUserThreadStart [0x00007FFF392026B1+33]\n\n..\\..\\venv\\lib\\site-packages\\selenium\\webdriver\\remote\\errorhandler.py:229: NoSuchElementException"}, "start": 1707204648311, "stop": 1707204654260, "uuid": "56132c11-b770-4575-bb04-991a91faec6f", "historyId": "ea31b2e7be7c31b7ed8724f678e95491", "testCaseId": "ea31b2e7be7c31b7ed8724f678e95491", "fullName": "tests.Alerts.test_alerts#test_alerts_testing", "labels": [{"name": "parentSuite", "value": "tests.Alerts"}, {"name": "suite", "value": "test_alerts"}, {"name": "host", "value": "DESKTOP-24CIA9P"}, {"name": "thread", "value": "29936-MainThread"}, {"name": "framework", "value": "pytest"}, {"name": "language", "value": "cpython3"}, {"name": "package", "value": "tests.Alerts.test_alerts"}]}