{"name": "test_hrApp_login_negative", "status": "broken", "statusDetails": {"message": "selenium.common.exceptions.NoSuchElementException: Message: no such element: Unable to locate element: {\"method\":\"xpath\",\"selector\":\"//input[@placeholder='Username']\"}\n  (Session info: chrome=120.0.6099.217); For documentation on this error, please visit: https://www.selenium.dev/documentation/webdriver/troubleshooting/errors#no-such-element-exception\nStacktrace:\n\tGetHandleVerifier [0x00007FF6A2AF2142+3514994]\n\t(No symbol) [0x00007FF6A2710CE2]\n\t(No symbol) [0x00007FF6A25B76AA]\n\t(No symbol) [0x00007FF6A2601860]\n\t(No symbol) [0x00007FF6A260197C]\n\t(No symbol) [0x00007FF6A2644EE7]\n\t(No symbol) [0x00007FF6A262602F]\n\t(No symbol) [0x00007FF6A26428F6]\n\t(No symbol) [0x00007FF6A2625D93]\n\t(No symbol) [0x00007FF6A25F4BDC]\n\t(No symbol) [0x00007FF6A25F5C64]\n\tGetHandleVerifier [0x00007FF6A2B1E16B+3695259]\n\tGetHandleVerifier [0x00007FF6A2B76737+4057191]\n\tGetHandleVerifier [0x00007FF6A2B6E4E3+4023827]\n\tGetHandleVerifier [0x00007FF6A28404F9+689705]\n\t(No symbol) [0x00007FF6A271C048]\n\t(No symbol) [0x00007FF6A2718044]\n\t(No symbol) [0x00007FF6A27181C9]\n\t(No symbol) [0x00007FF6A27088C4]\n\tBaseThreadInitThunk [0x00007FFF38427344+20]\n\tRtlUserThreadStart [0x00007FFF392026B1+33]", "trace": "self = <test_hrAppLogin.TestLogin object at 0x000001EEFB35DA80>\nsetup = <selenium.webdriver.chrome.webdriver.WebDriver (session=\"42b7a061c16f3e4535c612abb7c75f1b\")>\n\n    @allure.epic(\"HR Module Test\")\n    @allure.feature(\"TC#0 - HR App Negative Test\")\n    @pytest.mark.usefixtures(\"setup\")\n    def test_hrApp_login_negative(self, setup):\n        driver = setup\n        driver.get(self.hr_url)\n        login_page = hrAppLogin(driver)\n>       login_page.login_to_hr_App_Login(user=\"admin\", pswd=\"admin\")\n\ntest_hrAppLogin.py:18: \n_ _ _ _ _ _ _ _ _ _ _ _ _ _ _ _ _ _ _ _ _ _ _ _ _ _ _ _ _ _ _ _ _ _ _ _ _ _ _ _\n..\\..\\pageObjects\\hrAppLogin.py:34: in login_to_hr_App_Login\n    self.get_username().send_keys(user)\n..\\..\\pageObjects\\hrAppLogin.py:19: in get_username\n    return self.driver.find_element(*hrAppLogin.username)\n..\\..\\..\\venv\\lib\\site-packages\\selenium\\webdriver\\remote\\webdriver.py:742: in find_element\n    return self.execute(Command.FIND_ELEMENT, {\"using\": by, \"value\": value})[\"value\"]\n..\\..\\..\\venv\\lib\\site-packages\\selenium\\webdriver\\remote\\webdriver.py:348: in execute\n    self.error_handler.check_response(response)\n_ _ _ _ _ _ _ _ _ _ _ _ _ _ _ _ _ _ _ _ _ _ _ _ _ _ _ _ _ _ _ _ _ _ _ _ _ _ _ _\n\nself = <selenium.webdriver.remote.errorhandler.ErrorHandler object at 0x000001EEFB39BB50>\nresponse = {'status': 404, 'value': '{\"value\":{\"error\":\"no such element\",\"message\":\"no such element: Unable to locate element: {\\...07FF6A27088C4]\\\\n\\\\tBaseThreadInitThunk [0x00007FFF38427344+20]\\\\n\\\\tRtlUserThreadStart [0x00007FFF392026B1+33]\\\\n\"}}'}\n\n    def check_response(self, response: Dict[str, Any]) -> None:\n        \"\"\"Checks that a JSON response from the WebDriver does not have an\n        error.\n    \n        :Args:\n         - response - The JSON response from the WebDriver server as a dictionary\n           object.\n    \n        :Raises: If the response contains an error message.\n        \"\"\"\n        status = response.get(\"status\", None)\n        if not status or status == ErrorCode.SUCCESS:\n            return\n        value = None\n        message = response.get(\"message\", \"\")\n        screen: str = response.get(\"screen\", \"\")\n        stacktrace = None\n        if isinstance(status, int):\n            value_json = response.get(\"value\", None)\n            if value_json and isinstance(value_json, str):\n                import json\n    \n                try:\n                    value = json.loads(value_json)\n                    if len(value) == 1:\n                        value = value[\"value\"]\n                    status = value.get(\"error\", None)\n                    if not status:\n                        status = value.get(\"status\", ErrorCode.UNKNOWN_ERROR)\n                        message = value.get(\"value\") or value.get(\"message\")\n                        if not isinstance(message, str):\n                            value = message\n                            message = message.get(\"message\")\n                    else:\n                        message = value.get(\"message\", None)\n                except ValueError:\n                    pass\n    \n        exception_class: Type[WebDriverException]\n        e = ErrorCode()\n        error_codes = [item for item in dir(e) if not item.startswith(\"__\")]\n        for error_code in error_codes:\n            error_info = getattr(ErrorCode, error_code)\n            if isinstance(error_info, list) and status in error_info:\n                exception_class = getattr(ExceptionMapping, error_code, WebDriverException)\n                break\n        else:\n            exception_class = WebDriverException\n    \n        if not value:\n            value = response[\"value\"]\n        if isinstance(value, str):\n            raise exception_class(value)\n        if message == \"\" and \"message\" in value:\n            message = value[\"message\"]\n    \n        screen = None  # type: ignore[assignment]\n        if \"screen\" in value:\n            screen = value[\"screen\"]\n    \n        stacktrace = None\n        st_value = value.get(\"stackTrace\") or value.get(\"stacktrace\")\n        if st_value:\n            if isinstance(st_value, str):\n                stacktrace = st_value.split(\"\\n\")\n            else:\n                stacktrace = []\n                try:\n                    for frame in st_value:\n                        line = frame.get(\"lineNumber\", \"\")\n                        file = frame.get(\"fileName\", \"<anonymous>\")\n                        if line:\n                            file = f\"{file}:{line}\"\n                        meth = frame.get(\"methodName\", \"<anonymous>\")\n                        if \"className\" in frame:\n                            meth = f\"{frame['className']}.{meth}\"\n                        msg = \"    at %s (%s)\"\n                        msg = msg % (meth, file)\n                        stacktrace.append(msg)\n                except TypeError:\n                    pass\n        if exception_class == UnexpectedAlertPresentException:\n            alert_text = None\n            if \"data\" in value:\n                alert_text = value[\"data\"].get(\"text\")\n            elif \"alert\" in value:\n                alert_text = value[\"alert\"].get(\"text\")\n            raise exception_class(message, screen, stacktrace, alert_text)  # type: ignore[call-arg]  # mypy is not smart enough here\n>       raise exception_class(message, screen, stacktrace)\nE       selenium.common.exceptions.NoSuchElementException: Message: no such element: Unable to locate element: {\"method\":\"xpath\",\"selector\":\"//input[@placeholder='Username']\"}\nE         (Session info: chrome=120.0.6099.217); For documentation on this error, please visit: https://www.selenium.dev/documentation/webdriver/troubleshooting/errors#no-such-element-exception\nE       Stacktrace:\nE       \tGetHandleVerifier [0x00007FF6A2AF2142+3514994]\nE       \t(No symbol) [0x00007FF6A2710CE2]\nE       \t(No symbol) [0x00007FF6A25B76AA]\nE       \t(No symbol) [0x00007FF6A2601860]\nE       \t(No symbol) [0x00007FF6A260197C]\nE       \t(No symbol) [0x00007FF6A2644EE7]\nE       \t(No symbol) [0x00007FF6A262602F]\nE       \t(No symbol) [0x00007FF6A26428F6]\nE       \t(No symbol) [0x00007FF6A2625D93]\nE       \t(No symbol) [0x00007FF6A25F4BDC]\nE       \t(No symbol) [0x00007FF6A25F5C64]\nE       \tGetHandleVerifier [0x00007FF6A2B1E16B+3695259]\nE       \tGetHandleVerifier [0x00007FF6A2B76737+4057191]\nE       \tGetHandleVerifier [0x00007FF6A2B6E4E3+4023827]\nE       \tGetHandleVerifier [0x00007FF6A28404F9+689705]\nE       \t(No symbol) [0x00007FF6A271C048]\nE       \t(No symbol) [0x00007FF6A2718044]\nE       \t(No symbol) [0x00007FF6A27181C9]\nE       \t(No symbol) [0x00007FF6A27088C4]\nE       \tBaseThreadInitThunk [0x00007FFF38427344+20]\nE       \tRtlUserThreadStart [0x00007FFF392026B1+33]\n\n..\\..\\..\\venv\\lib\\site-packages\\selenium\\webdriver\\remote\\errorhandler.py:229: NoSuchElementException"}, "start": 1706681001758, "stop": 1706681006980, "uuid": "7674b6a6-0059-41ea-8662-cd2b8ea8a093", "historyId": "2023d0b05edc9257808653c8a3667f7d", "testCaseId": "2023d0b05edc9257808653c8a3667f7d", "fullName": "tests.vwoLoginTestsCases.pom.test_hrAppLogin.TestLogin#test_hrApp_login_negative", "labels": [{"name": "epic", "value": "HR Module Test"}, {"name": "feature", "value": "TC#0 - HR App Negative Test"}, {"name": "tag", "value": "@pytest.mark.usefixtures('setup')"}, {"name": "parentSuite", "value": "tests.vwoLoginTestsCases.pom"}, {"name": "suite", "value": "test_hrAppLogin"}, {"name": "subSuite", "value": "TestLogin"}, {"name": "host", "value": "DESKTOP-24CIA9P"}, {"name": "thread", "value": "23456-MainThread"}, {"name": "framework", "value": "pytest"}, {"name": "language", "value": "cpython3"}, {"name": "package", "value": "tests.vwoLoginTestsCases.pom.test_hrAppLogin"}]}